proguard/seeds.txt
com.ab.health.AdStartActivity
com.ab.health.AdStartActivity: AdStartActivity()
com.ab.health.ChangeInfoActivity
com.ab.health.ChangeInfoActivity: ChangeInfoActivity()
com.ab.health.ChangePlainActivity
com.ab.health.ChangePlainActivity: ChangePlainActivity()
com.ab.health.CoreBriefActivity
com.ab.health.CoreBriefActivity: CoreBriefActivity()
com.ab.health.CourseActivity
com.ab.health.CourseActivity: CourseActivity()
com.ab.health.CourseRecordActivity
com.ab.health.CourseRecordActivity: CourseRecordActivity()
com.ab.health.DiscuzActivity
com.ab.health.DiscuzActivity: DiscuzActivity()
com.ab.health.DiscuzNew
com.ab.health.DiscuzNew: DiscuzNew()
com.ab.health.FirstUseActivity
com.ab.health.FirstUseActivity: FirstUseActivity()
com.ab.health.GongGaoActivity
com.ab.health.GongGaoActivity: GongGaoActivity()
com.ab.health.GongGaoDetailActivity
com.ab.health.GongGaoDetailActivity: GongGaoDetailActivity()
com.ab.health.GuideActivity
com.ab.health.GuideActivity: GuideActivity()
com.ab.health.HomeActivity
com.ab.health.HomeActivity: HomeActivity()
com.ab.health.LiPinActivity
com.ab.health.LiPinActivity: LiPinActivity()
com.ab.health.LoginActivity
com.ab.health.LoginActivity: LoginActivity()
com.ab.health.MainActivity
com.ab.health.MainActivity: MainActivity()
com.ab.health.PingGuActivity
com.ab.health.PingGuActivity: PingGuActivity()
com.ab.health.R$anim: int dialog_enter
com.ab.health.R$anim: int dialog_exit
com.ab.health.R$anim: int disappear
com.ab.health.R$anim: int gd_rack
com.ab.health.R$anim: int grow_from_bottom
com.ab.health.R$anim: int grow_from_bottomleft_to_topright
com.ab.health.R$anim: int grow_from_bottomright_to_topleft
com.ab.health.R$anim: int grow_from_top
com.ab.health.R$anim: int grow_from_topleft_to_bottomright
com.ab.health.R$anim: int grow_from_topright_to_bottomleft
com.ab.health.R$anim: int loading
com.ab.health.R$anim: int messagebox_item_dialog_dismiss
com.ab.health.R$anim: int messagebox_item_dialog_show
com.ab.health.R$anim: int pump_bottom
com.ab.health.R$anim: int pump_top
com.ab.health.R$anim: int push_bottom_in
com.ab.health.R$anim: int push_bottom_out
com.ab.health.R$anim: int push_left_in
com.ab.health.R$anim: int push_left_out
com.ab.health.R$anim: int push_right_in
com.ab.health.R$anim: int push_right_out
com.ab.health.R$anim: int push_up_in
com.ab.health.R$anim: int push_up_out
com.ab.health.R$anim: int rail
com.ab.health.R$anim: int refresh_loading
com.ab.health.R$anim: int shrink_from_bottom
com.ab.health.R$anim: int shrink_from_bottomleft_to_topright
com.ab.health.R$anim: int shrink_from_bottomright_to_topleft
com.ab.health.R$anim: int shrink_from_top
com.ab.health.R$anim: int shrink_from_topleft_to_bottomright
com.ab.health.R$anim: int shrink_from_topright_to_bottomleft
com.ab.health.R$anim: int slide_down_out
com.ab.health.R$anim: int slide_in_from_bottom
com.ab.health.R$array: int age
com.ab.health.R$array: int alarm_set
com.ab.health.R$array: int arm
com.ab.health.R$array: int bust
com.ab.health.R$array: int calf
com.ab.health.R$array: int classify
com.ab.health.R$array: int condition
com.ab.health.R$array: int gpsMinDistanceValues
com.ab.health.R$array: int gpsMinTimeValues
com.ab.health.R$array: int height
com.ab.health.R$array: int hip
com.ab.health.R$array: int orientation
com.ab.health.R$array: int point
com.ab.health.R$array: int recordByItem
com.ab.health.R$array: int recordByValues
com.ab.health.R$array: int snooze_duration_entries
com.ab.health.R$array: int snooze_duration_values
com.ab.health.R$array: int taste
com.ab.health.R$array: int thigh
com.ab.health.R$array: int waist
com.ab.health.R$array: int weight_quantity
...
android.support.v4.app.BackStackState
android.support.v4.app.BackStackState: android.os.Parcelable$Creator CREATOR
android.support.v4.app.Fragment$SavedState
android.support.v4.app.Fragment$SavedState: android.os.Parcelable$Creator CREATOR
android.support.v4.app.FragmentManagerState
android.support.v4.app.FragmentManagerState: android.os.Parcelable$Creator CREATOR
android.support.v4.app.FragmentState
android.support.v4.app.FragmentState: android.os.Parcelable$Creator CREATOR
android.support.v4.app.FragmentTabHost: void setOnTabChangedListener(android.widget.TabHost$OnTabChangeListener)
android.support.v4.app.FragmentTabHost$SavedState
android.support.v4.app.FragmentTabHost$SavedState: android.os.Parcelable$Creator CREATOR
android.support.v4.content.ModernAsyncTask$Status: android.support.v4.content.ModernAsyncTask$Status[] values()
android.support.v4.content.ModernAsyncTask$Status: android.support.v4.content.ModernAsyncTask$Status valueOf(java.lang.String)
android.support.v4.view.PagerTabStrip: void setTabIndicatorColor(int)
android.support.v4.view.PagerTabStrip: void setTabIndicatorColorResource(int)
android.support.v4.view.PagerTabStrip: int getTabIndicatorColor()
android.support.v4.view.PagerTabStrip: void setTextSpacing(int)
android.support.v4.view.PagerTabStrip: void setBackgroundDrawable(android.graphics.drawable.Drawable)
android.support.v4.view.PagerTabStrip: void setBackgroundColor(int)
android.support.v4.view.PagerTabStrip: void setBackgroundResource(int)
android.support.v4.view.PagerTabStrip: void setDrawFullUnderline(boolean)
android.support.v4.view.PagerTabStrip: boolean getDrawFullUnderline()
android.support.v4.view.PagerTabStrip: int getMinHeight()
android.support.v4.view.PagerTitleStrip: void setSingleLineAllCaps(android.widget.TextView)
android.support.v4.view.PagerTitleStrip: void setTextSpacing(int)
android.support.v4.view.PagerTitleStrip: int getTextSpacing()
android.support.v4.view.PagerTitleStrip: void setNonPrimaryAlpha(float)
android.support.v4.view.PagerTitleStrip: void setTextColor(int)
android.support.v4.view.PagerTitleStrip: void setGravity(int)
android.support.v4.view.PagerTitleStrip: int getMinHeight()
android.support.v4.view.ViewPager: void setScrollState(int)
android.support.v4.view.ViewPager: void setAdapter(android.support.v4.view.PagerAdapter)
android.support.v4.view.ViewPager: android.support.v4.view.PagerAdapter getAdapter()
android.support.v4.view.ViewPager: void setOnAdapterChangeListener(android.support.v4.view.ViewPager$OnAdapterChangeListener)
android.support.v4.view.ViewPager: int getClientWidth()
android.support.v4.view.ViewPager: void setCurrentItem(int)
android.support.v4.view.ViewPager: int getCurrentItem()
android.support.v4.view.ViewPager: void setOnPageChangeListener(android.support.v4.view.ViewPager$OnPageChangeListener)
android.support.v4.view.ViewPager: void setChildrenDrawingOrderEnabledCompat(boolean)
android.support.v4.view.ViewPager: int getOffscreenPageLimit()
android.support.v4.view.ViewPager: void setOffscreenPageLimit(int)
android.support.v4.view.ViewPager: void setPageMargin(int)
android.support.v4.view.ViewPager: int getPageMargin()
android.support.v4.view.ViewPager: void setPageMarginDrawable(android.graphics.drawable.Drawable)
android.support.v4.view.ViewPager: void setPageMarginDrawable(int)
android.support.v4.view.ViewPager: void setScrollingCacheEnabled(boolean)
android.support.v4.view.ViewPager$SavedState
android.support.v4.view.ViewPager$SavedState: android.os.Parcelable$Creator CREATOR
android.support.v4.widget.DrawerLayout: void setScrimColor(int)
android.support.v4.widget.DrawerLayout: void setDrawerListener(android.support.v4.widget.DrawerLayout$DrawerListener)
android.support.v4.widget.DrawerLayout: void setDrawerLockMode(int)
android.support.v4.widget.DrawerLayout$SavedState
android.support.v4.widget.DrawerLayout$SavedState: android.os.Parcelable$Creator CREATOR