proguard/mapping.txt
com.ab.health.AdStartActivity -> com.ab.health.AdStartActivity:
    android.widget.ImageView adImage -> b
    android.graphics.Bitmap pngBM -> a
    void onCreate(android.os.Bundle) -> onCreate
    android.widget.ImageView access$0(com.ab.health.AdStartActivity) -> a
com.ab.health.AdStartActivity$LoadAdImageAysnTask -> com.ab.health.a:
    com.ab.health.AdStartActivity this$0 -> a
    void onPreExecute() -> onPreExecute
    java.lang.Integer doInBackground(java.lang.Object[]) -> a
    void onPostExecute(java.lang.Integer) -> a
    void onPostExecute(java.lang.Object) -> onPostExecute
    java.lang.Object doInBackground(java.lang.Object[]) -> doInBackground
    com.ab.health.AdStartActivity access$3(com.ab.health.AdStartActivity$LoadAdImageAysnTask) -> a
com.ab.health.AdStartActivity$LoadAdImageAysnTask$1 -> com.ab.health.b:
    com.ab.health.AdStartActivity$LoadAdImageAysnTask this$1 -> a
    void run() -> run
com.ab.health.ChangeInfoActivity -> com.ab.health.ChangeInfoActivity:
    com.ab.health.model.User user -> a
    android.widget.EditText inputAge -> b
    android.widget.EditText inputHeight -> c
    android.widget.EditText inputNicename -> d
    android.widget.TextView calButton -> e
    android.widget.Button btnWowmen -> f
    android.widget.Button btnMen -> g
    java.lang.Boolean sex -> h
    int sexTemp -> i
    java.lang.String username -> j
    java.lang.String url -> k
    java.lang.String param -> l
    java.lang.String password -> m
    java.lang.String xuetang -> n
    java.lang.String xueya_shu -> o
    java.lang.String xueya_shou -> p
    java.lang.String height -> q
    java.lang.String weight -> r
    java.lang.String target -> s
    java.lang.String age -> t
    java.lang.String days -> u
    java.lang.String nicename -> v
    android.widget.EditText xuetangET -> w
    android.widget.EditText xueya_shuET -> x
    android.widget.EditText xueya_shouET -> y
    void onCreate(android.os.Bundle) -> onCreate
    void writeAppConfig() -> a
    void access$0(com.ab.health.ChangeInfoActivity,java.lang.String) -> a
    java.lang.String access$1(com.ab.health.ChangeInfoActivity) -> a
    java.lang.String access$2(com.ab.health.ChangeInfoActivity) -> b
    java.lang.String access$3(com.ab.health.ChangeInfoActivity) -> c
    java.lang.String access$4(com.ab.health.ChangeInfoActivity) -> d
    java.lang.Boolean access$5(com.ab.health.ChangeInfoActivity) -> e
com.ab.health.ChangeInfoActivity$Click -> com.ab.health.c:
    com.ab.health.ChangeInfoActivity this$0 -> a
    void onClick(android.view.View) -> onClick
com.ab.health.ChangeInfoActivity$SubmitAysnTask -> com.ab.health.d:
    java.lang.String pass -> a
    com.ab.health.utility.HttpGetData http -> b
    com.ab.health.ChangeInfoActivity this$0 -> c
    void onPreExecute() -> onPreExecute
    java.lang.Integer doInBackground(java.lang.Object[]) -> a
    void onPostExecute(java.lang.Integer) -> a
    void onPostExecute(java.lang.Object) -> onPostExecute
    java.lang.Object doInBackground(java.lang.Object[]) -> doInBackground
...
android.support.v4.widget.SlidingPaneLayout$SavedState -> android.support.v4.widget.SlidingPaneLayout$SavedState:
    boolean isOpen -> a
    android.os.Parcelable$Creator CREATOR -> CREATOR
    void writeToParcel(android.os.Parcel,int) -> writeToParcel
android.support.v4.widget.SlidingPaneLayout$SavedState$1 -> android.support.v4.widget.u:
    android.support.v4.widget.SlidingPaneLayout$SavedState createFromParcel(android.os.Parcel) -> a
    android.support.v4.widget.SlidingPaneLayout$SavedState[] newArray(int) -> a
    java.lang.Object[] newArray(int) -> newArray
    java.lang.Object createFromParcel(android.os.Parcel) -> createFromParcel
android.support.v4.widget.SlidingPaneLayout$SlidingPanelLayoutImpl -> android.support.v4.widget.v:
    void invalidateChildRegion(android.support.v4.widget.SlidingPaneLayout,android.view.View) -> a
android.support.v4.widget.SlidingPaneLayout$SlidingPanelLayoutImplBase -> android.support.v4.widget.w:
    void invalidateChildRegion(android.support.v4.widget.SlidingPaneLayout,android.view.View) -> a
android.support.v4.widget.SlidingPaneLayout$SlidingPanelLayoutImplJB -> android.support.v4.widget.x:
    java.lang.reflect.Method mGetDisplayList -> a
    java.lang.reflect.Field mRecreateDisplayList -> b
    void invalidateChildRegion(android.support.v4.widget.SlidingPaneLayout,android.view.View) -> a
android.support.v4.widget.SlidingPaneLayout$SlidingPanelLayoutImplJBMR1 -> android.support.v4.widget.y:
    void invalidateChildRegion(android.support.v4.widget.SlidingPaneLayout,android.view.View) -> a
android.support.v4.widget.SwipeProgressBar -> android.support.v4.widget.z:
    android.view.animation.Interpolator INTERPOLATOR -> a
    android.graphics.Paint mPaint -> b
    android.graphics.RectF mClipRect -> c
    float mTriggerPercentage -> d
    long mStartTime -> e
    long mFinishTime -> f
    boolean mRunning -> g
    int mColor1 -> h
    int mColor2 -> i
    int mColor3 -> j
    int mColor4 -> k
    android.view.View mParent -> l
    android.graphics.Rect mBounds -> m
    void setColorScheme(int,int,int,int) -> a
    void setTriggerPercentage(float) -> a
    void start() -> a
    void stop() -> b
    void draw(android.graphics.Canvas) -> a
    void drawTrigger(android.graphics.Canvas,int,int) -> a
    void drawCircle(android.graphics.Canvas,float,float,int,float) -> a
    void setBounds(int,int,int,int) -> b
android.support.v4.widget.SwipeRefreshLayout -> android.support.v4.widget.SwipeRefreshLayout:
    android.support.v4.widget.SwipeProgressBar mProgressBar -> a
    android.view.View mTarget -> b
    int mOriginalOffsetTop -> c
    android.support.v4.widget.SwipeRefreshLayout$OnRefreshListener mListener -> d
    android.view.MotionEvent mDownEvent -> e
    int mFrom -> f
    boolean mRefreshing -> g
    int mTouchSlop -> h
    float mDistanceToTriggerSync -> i
    float mPrevY -> j
    int mMediumAnimationDuration -> k
    float mFromPercentage -> l
    float mCurrPercentage -> m
    int mProgressBarHeight -> n
    int mCurrentTargetOffsetTop -> o
    boolean mReturningToStart -> p
    android.view.animation.DecelerateInterpolator mDecelerateInterpolator -> q
    android.view.animation.AccelerateInterpolator mAccelerateInterpolator -> r
    int[] LAYOUT_ATTRS -> s
    android.view.animation.Animation mAnimateToStartPosition -> t
    android.view.animation.Animation mShrinkTrigger -> u
    android.view.animation.Animation$AnimationListener mReturnToStartPositionListener -> v
    android.view.animation.Animation$AnimationListener mShrinkAnimationListener -> w
    java.lang.Runnable mReturnToStartPosition -> x
    java.lang.Runnable mCancel -> y
    void onAttachedToWindow() -> onAttachedToWindow
    void onDetachedFromWindow() -> onDetachedFromWindow
    void animateOffsetToStartPosition(int,android.view.animation.Animation$AnimationListener) -> a