proguard/usage.txt
com.ab.health.BuildConfig
com.ab.health.ChangeInfoActivity:
    private android.widget.TextView standardWeight
com.ab.health.ChangePlainActivity:
    private android.widget.TextView standardWeight
    private android.widget.TextView calButton
    private android.widget.Button btnWowmen
    private android.widget.Button btnMen
com.ab.health.CourseActivity:
    private java.util.List searchData
    private android.widget.TextView loading
    private android.bluetooth.BluetoothAdapter mBluetoothAdapter
    private android.bluetooth.BluetoothDevice mDevice
com.ab.health.CourseActivity$LoadMoreAysnTask
com.ab.health.CourseRecordActivity:
    private java.lang.String url
    private java.lang.String param
    private java.lang.String ret
    private com.ab.health.utility.HttpGetData commitDate
    private int calorieSum
com.ab.health.DiscuzActivity:
    private java.lang.String subTitle
    public static final int REFRASH
com.ab.health.DiscuzNew:
    float result
    android.widget.TextView calResult
com.ab.health.FirstUseActivity:
    private java.lang.String dateString
    private android.widget.EditText xuezhiET
com.ab.health.MainActivity:
    private android.widget.Button btn_tool_health
    710:717:public boolean isNetworkConnected(android.content.Context)
com.ab.health.R:
    10:10:public R()
com.ab.health.R$anim
com.ab.health.R$array
com.ab.health.R$attr
com.ab.health.R$color
com.ab.health.R$dimen
com.ab.health.R$drawable
com.ab.health.R$id
com.ab.health.R$integer
com.ab.health.R$layout
com.ab.health.R$menu
com.ab.health.R$raw
com.ab.health.R$string
com.ab.health.R$style
com.ab.health.R$styleable:
    3291:3291:public R$styleable()
com.ab.health.R$xml
com.ab.health.SportsActivity:
    private java.util.List searchData
    private android.widget.TextView loading
    private android.bluetooth.BluetoothAdapter mBluetoothAdapter
    private android.bluetooth.BluetoothDevice mDevice
com.ab.health.SportsActivity$LoadMoreAysnTask
com.ab.health.SportsRecordActivity:
    private java.lang.String url
    private java.lang.String param
    private java.lang.String ret
    private com.ab.health.utility.HttpGetData commitDate
    private int calorieSum
com.ab.health.ToolConvert:
    android.widget.EditText weightET
com.ab.health.ToolHealthWeight:
    android.widget.EditText weightET
    float result
com.ab.health.ble.BluetoothLeService:
    private static final int STATE_DISCONNECTED
    private static final int STATE_CONNECTING
    private static final int STATE_CONNECTED
    public static final java.lang.String ACTION_GATT_CONNECTED
    public static final java.lang.String ACTION_GATT_DISCONNECTED
    public static final java.lang.String ACTION_GATT_SERVICES_DISCOVERED
    public static final java.lang.String ACTION_DATA_AVAILABLE
    public static final java.lang.String EXTRA_DATA
    376:389:public void setCharacteristicNotification(android.bluetooth.BluetoothGattCharacteristic,boolean)
com.ab.health.ble.DeviceControlActivity:
    public static final java.lang.String EXTRAS_DEVICE_NAME
    public static final java.lang.String EXTRAS_DEVICE_ADDRESS
    private android.widget.ExpandableListView mGattServicesList
    private android.bluetooth.BluetoothGattCharacteristic mNotifyCharacteristic
com.ab.health.ble.DeviceScanActivity:
    private static final int REQUEST_ENABLE_BT
    private static final long SCAN_PERIOD
com.ab.health.ble.SampleGattAttributes:
    24:24:public SampleGattAttributes()
    45:46:public static java.lang.String lookup(java.lang.String,java.lang.String)
...
android.support.v4.view.MenuItemCompat
android.support.v4.view.MenuItemCompat$BaseMenuVersionImpl
android.support.v4.view.MenuItemCompat$HoneycombMenuVersionImpl
android.support.v4.view.MenuItemCompat$IcsMenuVersionImpl
android.support.v4.view.MenuItemCompat$IcsMenuVersionImpl$1
android.support.v4.view.MenuItemCompat$MenuVersionImpl
android.support.v4.view.MenuItemCompat$OnActionExpandListener
android.support.v4.view.MenuItemCompatHoneycomb
android.support.v4.view.MenuItemCompatIcs
android.support.v4.view.MenuItemCompatIcs$OnActionExpandListenerWrapper
android.support.v4.view.MenuItemCompatIcs$SupportActionExpandProxy
android.support.v4.view.MotionEventCompat:
    public static final int ACTION_MASK
    public static final int ACTION_POINTER_DOWN
    public static final int ACTION_POINTER_UP
    public static final int ACTION_HOVER_MOVE
    public static final int ACTION_SCROLL
    public static final int ACTION_POINTER_INDEX_MASK
    public static final int ACTION_POINTER_INDEX_SHIFT
    public static final int ACTION_HOVER_ENTER
    public static final int ACTION_HOVER_EXIT
    25:80:public MotionEventCompat()
android.support.v4.view.MotionEventCompatEclair:
    24:24:MotionEventCompatEclair()
android.support.v4.view.PagerAdapter:
    public static final int POSITION_UNCHANGED
    public static final int POSITION_NONE
    78:79:public PagerAdapter()
    276:277:public void notifyDataSetChanged()
    307:307:public java.lang.CharSequence getPageTitle(int)
android.support.v4.view.PagerTabStrip
android.support.v4.view.PagerTabStrip$1
android.support.v4.view.PagerTabStrip$2
android.support.v4.view.PagerTitleStrip
android.support.v4.view.PagerTitleStrip$1
android.support.v4.view.PagerTitleStrip$PageListener
android.support.v4.view.PagerTitleStrip$PagerTitleStripImpl
android.support.v4.view.PagerTitleStrip$PagerTitleStripImplBase
android.support.v4.view.PagerTitleStrip$PagerTitleStripImplIcs
android.support.v4.view.PagerTitleStripIcs
android.support.v4.view.PagerTitleStripIcs$SingleLineAllCapsTransform
android.support.v4.view.ScaleGestureDetectorCompat
android.support.v4.view.ScaleGestureDetectorCompat$1
android.support.v4.view.ScaleGestureDetectorCompat$BaseScaleGestureDetectorImpl
android.support.v4.view.ScaleGestureDetectorCompat$ScaleGestureDetectorCompatKitKatImpl
android.support.v4.view.ScaleGestureDetectorCompat$ScaleGestureDetectorImpl
android.support.v4.view.ScaleGestureDetectorCompatKitKat
android.support.v4.view.VelocityTrackerCompat:
    25:51:public VelocityTrackerCompat()
android.support.v4.view.VelocityTrackerCompatHoneycomb:
    24:24:VelocityTrackerCompatHoneycomb()